<?xml version="1.0" encoding="UTF-8"?>
<testsuite name="arraycoursera.DiceRollingTest" tests="1" skipped="1" failures="0" errors="0" timestamp="2018-05-05T09:27:24" hostname="anegorov-THINK" time="0.0">
  <properties/>
  <testcase name="simulateTest" classname="arraycoursera.DiceRollingTest" time="0.0">
    <skipped/>
  </testcase>
  <system-out><![CDATA[]]></system-out>
  <system-err><![CDATA[]]></system-err>
</testsuite>
