<?xml version="1.0" encoding="UTF-8"?>
<testsuite name="arraycoursera.CaesarCipherTest" tests="3" skipped="3" failures="0" errors="0" timestamp="2018-05-05T09:27:24" hostname="anegorov-THINK" time="0.001">
  <properties/>
  <testcase name="testVowel" classname="arraycoursera.CaesarCipherTest" time="0.0">
    <skipped/>
  </testcase>
  <testcase name="encryptTwoKeysTest" classname="arraycoursera.CaesarCipherTest" time="0.0">
    <skipped/>
  </testcase>
  <testcase name="testCaesar" classname="arraycoursera.CaesarCipherTest" time="0.0">
    <skipped/>
  </testcase>
  <system-out><![CDATA[]]></system-out>
  <system-err><![CDATA[]]></system-err>
</testsuite>
